2 CPUs:
  0: AMD EPYC 9534 64-Core Processor (64 cores, 128 threads)
  1: AMD EPYC 9534 64-Core Processor (64 cores, 128 threads)

4 visible NVIDIA CUDA GPUs:
  0: NVIDIA L40S
  1: NVIDIA L40S
  2: NVIDIA L40S
  3: NVIDIA L40S

No visible AMD ROCm GPUs

Benchmarking only I/O
Warming up

Running 3 times over 1000 events with 16 jobs, each with 16 threads, 16 streams, and 1 GPUs
  3081.7 ±   9.2 ev/s (900 events, 68.5% overlap),   3086.4 ±  16.9 ev/s (⩾ 575 events, overlap-only)
  3006.3 ±   9.0 ev/s (900 events, 66.2% overlap),   2998.8 ±  17.4 ev/s (⩾ 500 events, overlap-only)
  3064.7 ±   9.3 ev/s (900 events, 74.5% overlap),   3059.7 ±  15.0 ev/s (⩾ 575 events, overlap-only)
 --------------------
  3064.7 ev/s (single measurement with the highest overlap),   3048.3 ±  44.9 ev/s (⩾ 500 events, overlap-only)


Benchmarking BaselineOnCPU_config.py
Warming up

Running 3 times over 1000 events with 16 jobs, each with 16 threads, 16 streams, and 1 GPUs
    34.5 ±   0.0 ev/s (900 events, 97.8% overlap),     34.4 ±   0.0 ev/s (⩾ 800 events, overlap-only)
    34.6 ±   0.0 ev/s (900 events, 98.8% overlap),     34.5 ±   0.0 ev/s (⩾ 825 events, overlap-only)
    34.5 ±   0.0 ev/s (900 events, 97.3% overlap),     34.4 ±   0.0 ev/s (⩾ 800 events, overlap-only)
 --------------------
    34.6 ±   0.1 ev/s,     34.5 ±   0.1 ev/s (⩾ 800 events, overlap-only)


-------------------------------------
           GPU MEMORY USAGE
-------------------------------------
Monitoring Interval: 1 second(s)
Number of Measurements: 2164
Data points saved to: 'logs.BaselineOnCPU.16j.16t.16s.allGPUs/gpu_memory_BaselineOnCPU_16j_16t_16s.csv'

Peak Total GPU Memory Usage: 5309 MiB
Mean Total GPU Memory Usage: 14.70 MiB (float using bc)
-------------------------------------
