2 CPUs:
  0: AMD EPYC 9534 64-Core Processor (64 cores, 128 threads)
  1: AMD EPYC 9534 64-Core Processor (64 cores, 128 threads)

4 visible NVIDIA CUDA GPUs:
  0: NVIDIA L40S
  1: NVIDIA L40S
  2: NVIDIA L40S
  3: NVIDIA L40S

No visible AMD ROCm GPUs

Benchmarking only I/O
Warming up

Running 3 times over 1000 events with 16 jobs, each with 16 threads, 16 streams, and 1 GPUs
  3020.3 ±   9.3 ev/s (900 events, 57.2% overlap),   2983.2 ±  22.0 ev/s (⩾ 425 events, overlap-only)
  3009.9 ±   9.2 ev/s (900 events, 43.0% overlap),   2956.0 ±  33.8 ev/s (⩾ 275 events, overlap-only)
  3043.6 ±   9.4 ev/s (900 events, 41.7% overlap),   3003.4 ±  37.5 ev/s (⩾ 275 events, overlap-only)
 --------------------
  3020.3 ev/s (single measurement with the highest overlap),   2980.9 ±  23.8 ev/s (⩾ 275 events, overlap-only)


Benchmarking HeterogeneousOnly_config.py
Warming up

Running 3 times over 1000 events with 16 jobs, each with 16 threads, 16 streams, and 1 GPUs
   174.7 ±   0.2 ev/s (900 events, 96.4% overlap),    174.0 ±   0.2 ev/s (⩾ 775 events, overlap-only)
   174.4 ±   0.2 ev/s (900 events, 97.7% overlap),    173.9 ±   0.2 ev/s (⩾ 800 events, overlap-only)
   174.6 ±   0.2 ev/s (900 events, 94.5% overlap),    173.6 ±   0.2 ev/s (⩾ 775 events, overlap-only)
 --------------------
   174.6 ±   0.1 ev/s,    173.8 ±   0.2 ev/s (⩾ 775 events, overlap-only)


-------------------------------------
           GPU MEMORY USAGE
-------------------------------------
Monitoring Interval: 1 second(s)
Number of Measurements: 859
Data points saved to: 'logs.HeterogeneousOnly.16j.16t.16s/gpu_memory_HeterogeneousOnly_16j_16t_16s.csv'

Peak Total GPU Memory Usage: 110618 MiB
Mean Total GPU Memory Usage: 42098.92 MiB (float using bc)
-------------------------------------
